"C:/Users/luisf/Documents/Unreal Projects/FPTest/Content/A_EzDraw/Demo/Textures/T_FirstPersonCrosshair.uasset" 0
"C:/Users/luisf/Documents/Unreal Projects/FPTest/Content/A_EzDraw/Demo/Blueprints/BP_FirstPersonHUD.uasset" 1
"C:/Users/luisf/Documents/Unreal Projects/FPTest/Content/A_EzDraw/Demo/Blueprints/CH_FirstPersonCharacter.uasset" 2
"C:/Users/luisf/Documents/Unreal Projects/FPTest/Content/A_EzDraw/Demo/Blueprints/BP_FirstPersonGameMode.uasset" 3
"C:/Users/luisf/Documents/Unreal Projects/FPTest/Content/A_EzDraw/Demo/Materials/M_CubeMaterial.uasset" 4
"C:/Users/luisf/Documents/Unreal Projects/FPTest/Content/A_EzDraw/Demo/Meshes/SM_CubeChamfer.uasset" 5
"C:/Users/luisf/Documents/Unreal Projects/FPTest/Content/A_EzDraw/Demo/Meshes/SM_TemplateFloor.uasset" 6
"C:/Users/luisf/Documents/Unreal Projects/FPTest/Content/A_EzDraw/Materials/M_Opacity.uasset" 7
"C:/Users/luisf/Documents/Unreal Projects/FPTest/Content/A_EzDraw/Materials/Components/M_BaseMaterial.uasset" 8
"C:/Users/luisf/Documents/Unreal Projects/FPTest/Content/A_EzDraw/Materials/Components/MI_CubeMaterialOverride.uasset" 9
"C:/Users/luisf/Documents/Unreal Projects/FPTest/Content/A_EzDraw/Textures/T_Snow.uasset" 10
"C:/Users/luisf/Documents/Unreal Projects/FPTest/Content/A_EzDraw/Materials/M_Snow.uasset" 11
"C:/Users/luisf/Documents/Unreal Projects/FPTest/Content/A_EzDraw/Particles/PS_Snow.uasset" 12
"C:/Users/luisf/Documents/Unreal Projects/FPTest/Content/A_EzDraw/Textures/T_Brush2.uasset" 13
"C:/Users/luisf/Documents/Unreal Projects/FPTest/Content/A_EzDraw/Textures/T_Grass_H.uasset" 14
"C:/Users/luisf/Documents/Unreal Projects/FPTest/Content/A_EzDraw/Textures/T_Snow_H.uasset" 15
"C:/Users/luisf/Documents/Unreal Projects/FPTest/Content/FirstPerson/Audio/FirstPersonTemplateWeaponFire02.uasset" 16
"C:/Users/luisf/Documents/Unreal Projects/FPTest/Content/FirstPerson/Character/Mesh/SK_Mannequin_Arms_Skeleton.uasset" 17
"C:/Users/luisf/Documents/Unreal Projects/FPTest/Content/FirstPerson/Animations/FirstPerson_Idle.uasset" 18
"C:/Users/luisf/Documents/Unreal Projects/FPTest/Content/FirstPerson/Animations/FirstPerson_JumpEnd.uasset" 19
"C:/Users/luisf/Documents/Unreal Projects/FPTest/Content/FirstPerson/Animations/FirstPerson_JumpLoop.uasset" 20
"C:/Users/luisf/Documents/Unreal Projects/FPTest/Content/FirstPerson/Animations/FirstPerson_JumpStart.uasset" 21
"C:/Users/luisf/Documents/Unreal Projects/FPTest/Content/FirstPerson/Animations/FirstPerson_Run.uasset" 22
"../../../Engine/Content/EditorBlueprintResources/StandardMacros.uasset" 23
"C:/Users/luisf/Documents/Unreal Projects/FPTest/Content/FirstPerson/Animations/FirstPerson_AnimBP.uasset" 24
"C:/Users/luisf/Documents/Unreal Projects/FPTest/Content/FirstPerson/Character/Mesh/FirstPersonAnimBlueprint_Copy.uasset" 25
"../../../Engine/Content/Functions/Engine_MaterialFunctions02/Utility/BlendAngleCorrectedNormals.uasset" 26
"../../../Engine/Content/Functions/MaterialLayerFunctions/MatLayerBlend_NormalBlend.uasset" 27
"../../../Engine/Content/Functions/MaterialLayerFunctions/MatLayerBlend_Simple.uasset" 28
"C:/Users/luisf/Documents/Unreal Projects/FPTest/Content/FirstPerson/Character/Materials/MaterialLayers/T_ML_Rubber_Blue_01_D.uasset" 29
"C:/Users/luisf/Documents/Unreal Projects/FPTest/Content/FirstPerson/Character/Materials/MaterialLayers/T_ML_Rubber_Blue_01_N.uasset" 30
"C:/Users/luisf/Documents/Unreal Projects/FPTest/Content/FirstPerson/Character/Materials/MaterialLayers/ML_GlossyBlack_Latex_UE4.uasset" 31
"C:/Users/luisf/Documents/Unreal Projects/FPTest/Content/FirstPerson/Character/Materials/MaterialLayers/ML_Plastic_Shiny_Beige.uasset" 32
"C:/Users/luisf/Documents/Unreal Projects/FPTest/Content/FirstPerson/Character/Textures/UE4_LOGO_CARD.uasset" 33
"C:/Users/luisf/Documents/Unreal Projects/FPTest/Content/FirstPerson/Character/Materials/MaterialLayers/ML_Plastic_Shiny_Beige_LOGO.uasset" 34
"C:/Users/luisf/Documents/Unreal Projects/FPTest/Content/FirstPerson/Character/Materials/MaterialLayers/T_ML_Aluminum01.uasset" 35
"C:/Users/luisf/Documents/Unreal Projects/FPTest/Content/FirstPerson/Character/Materials/MaterialLayers/T_ML_Aluminum01_N.uasset" 36
"C:/Users/luisf/Documents/Unreal Projects/FPTest/Content/FirstPerson/Character/Materials/MaterialLayers/ML_SoftMetal_UE4.uasset" 37
"C:/Users/luisf/Documents/Unreal Projects/FPTest/Content/FirstPerson/Character/Textures/UE4_Mannequin__normals.uasset" 38
"C:/Users/luisf/Documents/Unreal Projects/FPTest/Content/FirstPerson/Character/Textures/UE4_Mannequin_MAT_MASKA.uasset" 39
"C:/Users/luisf/Documents/Unreal Projects/FPTest/Content/FirstPerson/Character/Materials/M_UE4Man_Body.uasset" 40
"C:/Users/luisf/Documents/Unreal Projects/FPTest/Content/FirstPerson/Character/Mesh/SK_Mannequin_Arms_PhysicsAsset.uasset" 41
"C:/Users/luisf/Documents/Unreal Projects/FPTest/Content/FirstPerson/Character/Mesh/SK_Mannequin_Arms.uasset" 42
"C:/Users/luisf/Documents/Unreal Projects/FPTest/Content/FirstPerson/FPWeapon/Materials/MaterialLayers/ML_Plastic_Shiny_Beige_LOGO.uasset" 43
"C:/Users/luisf/Documents/Unreal Projects/FPTest/Content/FirstPerson/FPWeapon/Materials/MaterialLayers/T_ML_FineRubber.uasset" 44
"C:/Users/luisf/Documents/Unreal Projects/FPTest/Content/FirstPerson/FPWeapon/Materials/MaterialLayers/T_ML_Rubber_Blue_01_D.uasset" 45
"C:/Users/luisf/Documents/Unreal Projects/FPTest/Content/FirstPerson/FPWeapon/Materials/MaterialLayers/T_ML_Rubber_Blue_01_N.uasset" 46
"C:/Users/luisf/Documents/Unreal Projects/FPTest/Content/FirstPerson/FPWeapon/Materials/MaterialLayers/ML_GlossyBlack_Latex_UE4.uasset" 47
"C:/Users/luisf/Documents/Unreal Projects/FPTest/Content/FirstPerson/FPWeapon/Materials/MaterialLayers/ML_Plastic_Shiny_Beige.uasset" 48
"C:/Users/luisf/Documents/Unreal Projects/FPTest/Content/FirstPerson/FPWeapon/Materials/MaterialLayers/ML_Screen.uasset" 49
"C:/Users/luisf/Documents/Unreal Projects/FPTest/Content/FirstPerson/FPWeapon/Materials/MaterialLayers/T_ML_Aluminum01.uasset" 50
"C:/Users/luisf/Documents/Unreal Projects/FPTest/Content/FirstPerson/FPWeapon/Materials/MaterialLayers/T_ML_Aluminum01_N.uasset" 51
"C:/Users/luisf/Documents/Unreal Projects/FPTest/Content/FirstPerson/FPWeapon/Materials/MaterialLayers/ML_SoftMetal_UE4.uasset" 52
"C:/Users/luisf/Documents/Unreal Projects/FPTest/Content/FirstPerson/FPWeapon/Textures/T_FPGun_M.uasset" 53
"C:/Users/luisf/Documents/Unreal Projects/FPTest/Content/FirstPerson/FPWeapon/Textures/T_FPGun_N.uasset" 54
"C:/Users/luisf/Documents/Unreal Projects/FPTest/Content/FirstPerson/FPWeapon/Materials/M_FPGun.uasset" 55
"C:/Users/luisf/Documents/Unreal Projects/FPTest/Content/FirstPerson/FPWeapon/Mesh/SK_FPGun_Skeleton.uasset" 56
"C:/Users/luisf/Documents/Unreal Projects/FPTest/Content/FirstPerson/FPWeapon/Mesh/SK_FPGun.uasset" 57
"C:/Users/luisf/Documents/Unreal Projects/FPTest/Content/FirstPerson/FPWeapon/Mesh/SK_FPGun_PhysicsAsset.uasset" 58
"C:/Users/luisf/Documents/Unreal Projects/FPTest/Content/FirstPerson/Meshes/BaseMaterial.uasset" 59
"C:/Users/luisf/Documents/Unreal Projects/FPTest/Content/FirstPerson/Meshes/FirstPersonProjectileMaterial.uasset" 60
"C:/Users/luisf/Documents/Unreal Projects/FPTest/Content/FirstPerson/Meshes/FirstPersonProjectileMesh.uasset" 61
"C:/Users/luisf/Documents/Unreal Projects/FPTest/Content/FirstPersonBP/FirstPersonOverview.uasset" 62
"C:/Users/luisf/Documents/Unreal Projects/FPTest/Content/Geometry/Meshes/CubeMaterial.uasset" 63
"C:/Users/luisf/Documents/Unreal Projects/FPTest/Content/Geometry/Meshes/1M_Cube_Chamfer.uasset" 64
"C:/Users/luisf/Documents/Unreal Projects/FPTest/Content/Geometry/Meshes/TemplateFloor.uasset" 65
"../../../Engine/Content/Animation/DefaultAnimBoneCompressionSettings.uasset" 66
"../../../Engine/Content/Animation/DefaultAnimCurveCompressionSettings.uasset" 67
"../../../Engine/Content/Functions/Engine_MaterialFunctions01/Opacity/CameraDepthFade.uasset" 68
"../../../Engine/Content/EngineMaterials/T_Default_Material_Grid_M.uasset" 69
"../../../Engine/Content/EngineMaterials/T_Default_Material_Grid_N.uasset" 70
"../../../Engine/Content/EngineMaterials/WorldGridMaterial.uasset" 71
"../../../Engine/Content/ArtTools/RenderToTexture/Meshes/S_1_Unit_Plane.uasset" 72
"../../../Engine/Content/EngineMaterials/DefaultMaterial.uasset" 73
"../../../Engine/Content/BasicShapes/Cone.uasset" 74
"../../../Engine/Content/EditorLandscapeResources/DataLayer.uasset" 75
"../../../Engine/Content/EditorMaterials/MAT_Groups_Toggle.uasset" 76
"../../../Engine/Content/EditorMaterials/MAT_Groups_Visibility.uasset" 77
"../../../Engine/Content/EditorMaterials/PreviewShadowIndicator.uasset" 78
"../../../Engine/Content/EditorMaterials/PreviewShadowIndicatorMaterial.uasset" 79
"../../../Engine/Content/EditorMaterials/MatineeGroups/MAT_ColorTrack.uasset" 80
"../../../Engine/Content/EditorMaterials/MatineeGroups/MAT_Groups_Anim.uasset" 81
"../../../Engine/Content/EditorMaterials/MatineeGroups/MAT_Groups_AudioMaster.uasset" 82
"../../../Engine/Content/EditorMaterials/MatineeGroups/MAT_Groups_Director.uasset" 83
"../../../Engine/Content/EditorMaterials/MatineeGroups/MAT_Groups_Event.uasset" 84
"../../../Engine/Content/EditorMaterials/MatineeGroups/MAT_Groups_Fade.uasset" 85
"../../../Engine/Content/EditorMaterials/MatineeGroups/MAT_Groups_Float.uasset" 86
"../../../Engine/Content/EditorMaterials/MatineeGroups/MAT_Groups_Move.uasset" 87
"../../../Engine/Content/EditorMaterials/MatineeGroups/MAT_Groups_Slomo.uasset" 88
"../../../Engine/Content/EditorMaterials/MatineeGroups/MAT_Groups_Sound.uasset" 89
"../../../Engine/Content/EditorMaterials/MatineeGroups/MAT_Groups_Vector.uasset" 90
"../../../Engine/Content/EditorMaterials/ParticleSystems/PSysThumbnail_NoImage.uasset" 91
"../../../Engine/Content/EditorMaterials/ParticleSystems/PSysThumbnail_OOD.uasset" 92
"../../../Engine/Content/EditorMaterials/Camera/CineMat.uasset" 93
"../../../Engine/Content/EditorMaterials/Camera/MI_CineMat_Rig.uasset" 94
"../../../Engine/Content/EditorMeshes/Camera/SM_CraneRig_Arm.uasset" 95
"../../../Engine/Content/EditorMeshes/Camera/SM_CraneRig_Base.uasset" 96
"../../../Engine/Content/EditorMeshes/Camera/SM_CraneRig_Body.uasset" 97
"../../../Engine/Content/EditorMeshes/Camera/SM_CraneRig_Mount.uasset" 98
"../../../Engine/Content/EditorMeshes/Camera/SM_RailRig_Mount.uasset" 99
"../../../Engine/Content/EditorMeshes/Camera/SM_RailRig_Track.uasset" 100
"../../../Engine/Content/EditorResources/BSPVertex.uasset" 101
"../../../Engine/Content/EditorResources/EmptyActor.uasset" 102
"../../../Engine/Content/EditorResources/S_Actor.uasset" 103
"../../../Engine/Content/EditorResources/S_Note.uasset" 104
"../../../Engine/Content/EditorResources/S_Solver.uasset" 105
"../../../Engine/Content/EditorResources/S_Trigger.uasset" 106
"../../../Engine/Content/EditorResources/AudioIcons/S_AudioComponent_AutoActivate.uasset" 107
"../../../Engine/Content/EditorResources/LightIcons/S_LightError.uasset" 108
"../../../Engine/Content/EditorResources/SequenceRecorder/Countdown.uasset" 109
"../../../Engine/Content/EditorResources/SequenceRecorder/RecordingIndicator.uasset" 110
"../../../Engine/Content/EditorSounds/Notifications/CompileFailed.uasset" 111
"../../../Engine/Content/EditorSounds/Notifications/CompileFailed_Cue.uasset" 112
"../../../Engine/Content/EditorSounds/Notifications/CompileSuccess.uasset" 113
"../../../Engine/Content/EditorSounds/Notifications/CompileStart_Cue.uasset" 114
"../../../Engine/Content/EditorSounds/Notifications/CompileSuccess_Cue.uasset" 115
"../../../Engine/Content/EngineDamageTypes/DmgTypeBP_Environmental.uasset" 116
"../../../Engine/Content/EngineDebugMaterials/DebugEditorMaterial.uasset" 117
"../../../Engine/Content/EngineDebugMaterials/DebugMeshMaterial.uasset" 118
"../../../Engine/Content/EngineDebugMaterials/M_SimpleUnlitTranslucent.uasset" 119
"../../../Engine/Content/Functions/Engine_MaterialFunctions02/Utility/CameraDirectionVector.uasset" 120
"../../../Engine/Content/EngineDebugMaterials/VolumeToRender.uasset" 121
"../../../Engine/Content/EngineDebugMaterials/M_VolumeRenderSphereTracePP.uasset" 122
"../../../Engine/Content/EngineDebugMaterials/WireframeMaterial.uasset" 123
"../../../Engine/Content/EngineFonts/Faces/DroidSansFallback.uasset" 124
"../../../Engine/Content/EngineFonts/Faces/RobotoBold.uasset" 125
"../../../Engine/Content/EngineFonts/Faces/RobotoBoldItalic.uasset" 126
"../../../Engine/Content/EngineFonts/Faces/RobotoItalic.uasset" 127
"../../../Engine/Content/EngineFonts/Faces/RobotoLight.uasset" 128
"../../../Engine/Content/EngineFonts/Faces/RobotoRegular.uasset" 129
"../../../Engine/Content/EngineFonts/Roboto.uasset" 130
"../../../Engine/Content/EngineMaterials/BaseFlattenDiffuseMap.uasset" 131
"../../../Engine/Content/EngineMaterials/BaseFlattenEmissiveMap.uasset" 132
"../../../Engine/Content/EngineMaterials/BaseFlattenGrayscaleMap.uasset" 133
"../../../Engine/Content/EngineMaterials/BaseFlattenNormalMap.uasset" 134
"../../../Engine/Content/EngineMaterials/BaseFlattenMaterial.uasset" 135
"../../../Engine/Content/EngineMaterials/BlueNoise.uasset" 136
"../../../Engine/Content/EngineMaterials/DefaultBloomKernel.uasset" 137
"../../../Engine/Content/EngineMaterials/DefaultBokeh.uasset" 138
"../../../Engine/Content/EngineMaterials/DefaultDiffuse.uasset" 139
"../../../Engine/Content/EngineMaterials/DefaultDeferredDecalMaterial.uasset" 140
"../../../Engine/Content/EngineMaterials/DefaultLightFunctionMaterial.uasset" 141
"../../../Engine/Content/Functions/Engine_MaterialFunctions02/Utility/BreakOutFloat2Components.uasset" 142
"../../../Engine/Content/EngineMaterials/DefaultPostProcessMaterial.uasset" 143
"../../../Engine/Content/EngineFonts/RobotoDistanceField.uasset" 144
"../../../Engine/Content/EngineMaterials/DefaultTextMaterialOpaque.uasset" 145
"../../../Engine/Content/EngineMaterials/DefaultWhiteGrid.uasset" 146
"../../../Engine/Content/EngineMaterials/DefaultWhiteGrid_Low.uasset" 147
"../../../Engine/Content/EngineMaterials/EmissiveMeshMaterial.uasset" 148
"../../../Engine/Content/EngineMaterials/GizmoMaterial.uasset" 149
"../../../Engine/Content/EngineMaterials/Good64x64TilingNoiseHighFreq.uasset" 150
"../../../Engine/Content/EngineMaterials/MiniFont.uasset" 151
"../../../Engine/Content/EngineMaterials/InvalidLightmapSettings.uasset" 152
"../../../Engine/Content/EngineMaterials/M_InvalidLightmapSettings.uasset" 153
"../../../Engine/Content/Functions/Engine_MaterialFunctions02/WorldPositionOffset/CameraOffset.uasset" 154
"../../../Engine/Content/EngineMaterials/PhAT_JointLimitMaterial.uasset" 155
"../../../Engine/Content/EngineMaterials/PreintegratedSkinBRDF.uasset" 156
"../../../Engine/Content/EngineMaterials/RemoveSurfaceMaterial.uasset" 157
"../../../Engine/Content/EngineMaterials/WeightMapPlaceholderTexture.uasset" 158
"../../../Engine/Content/EngineResources/WhiteSquareTexture.uasset" 159
"../../../Engine/Content/EngineMaterials/Widget3DPassThrough.uasset" 160
"../../../Engine/Content/EngineMaterials/Widget3DPassThrough_Masked.uasset" 161
"../../../Engine/Content/EngineMaterials/Widget3DPassThrough_Opaque.uasset" 162
"../../../Engine/Content/EngineMaterials/Widget3DPassThrough_Masked_OneSided.uasset" 163
"../../../Engine/Content/EngineMaterials/Widget3DPassThrough_Opaque_OneSided.uasset" 164
"../../../Engine/Content/EngineMaterials/Widget3DPassThrough_Translucent.uasset" 165
"../../../Engine/Content/EngineMaterials/Widget3DPassThrough_Translucent_OneSided.uasset" 166
"../../../Engine/Content/EngineMeshes/Cylinder.uasset" 167
"../../../Engine/Content/EngineMeshes/Sphere.uasset" 168
"../../../Engine/Content/EngineResources/Black.uasset" 169
"../../../Engine/Content/EngineResources/DefaultTexture.uasset" 170
"../../../Engine/Content/EngineResources/DefaultTextureCube.uasset" 171
"../../../Engine/Content/EngineResources/DefaultVolumeTexture2D.uasset" 172
"../../../Engine/Content/EngineResources/DefaultVolumeTexture.uasset" 173
"../../../Engine/Content/EngineResources/GradientTexture0.uasset" 174
"../../../Engine/Content/EngineSounds/Master.uasset" 175
"../../../Engine/Content/Functions/Engine_MaterialFunctions01/Shading/ConvertFromDiffSpec.uasset" 176
"../../../Engine/Content/Functions/Engine_MaterialFunctions01/Shading/PowerToRoughness.uasset" 177
"../../../Engine/Content/Maps/Templates/Thumbnails/Default.uasset" 178
"../../../Engine/Content/Maps/Templates/Thumbnails/TimeOfDay.uasset" 179
"../../../Engine/Content/Maps/Templates/Thumbnails/VR-Basic.uasset" 180
"../../../Engine/Content/MobileResources/T_MobileControls_texture.uasset" 181
"../../../Engine/Content/MobileResources/T_MobileMenu2.uasset" 182
"../../../Engine/Content/MobileResources/HUD/AnalogHat.uasset" 183
"../../../Engine/Content/MobileResources/HUD/VirtualJoystick_Background.uasset" 184
"../../../Engine/Content/MobileResources/HUD/VirtualJoystick_Thumb.uasset" 185
"../../../Engine/Content/MobileResources/HUD/DefaultVirtualJoysticks.uasset" 186
"../../../Engine/Content/MobileResources/HUD/LeftVirtualJoystickOnly.uasset" 187
"../../../Engine/Content/MobileResources/HUD/MobileHUDButton1_off.uasset" 188
"../../../Engine/Content/MobileResources/HUD/MobileHUDButton1_on.uasset" 189
"../../../Engine/Content/MobileResources/HUD/MobileHUDButton2_off.uasset" 190
"../../../Engine/Content/MobileResources/HUD/MobileHUDButton2_on.uasset" 191
"../../../Engine/Content/MobileResources/HUD/MobileHUDButton3.uasset" 192
"../../../Engine/Content/MobileResources/HUD/MobileHUDButtonFire.uasset" 193
"../../../Engine/Content/MobileResources/HUD/MobileHUDDirectionPad.uasset" 194
"../../../Engine/Content/MobileResources/HUD/MobileHUDDirectionPad2.uasset" 195
"../../../Engine/Content/MobileResources/HUD/MobileHUDDirectionPad3.uasset" 196
"../../../Engine/Content/MobileResources/HUD/MobileHUDDirectionStick.uasset" 197
"../../../Engine/Content/MobileResources/HUD/T_Castle_ThumbstickInner.uasset" 198
"../../../Engine/Content/MobileResources/HUD/T_Castle_ThumbstickOutter.uasset" 199
"../../../Engine/Content/Tutorial/ContentIntroCurve.uasset" 200
"../../../Engine/Content/Tutorial/Basics/LevelEditorAttract.uasset" 201
"../../../Engine/Content/VREditor/LaserPointer/VR_LaserPower_01.uasset" 202
"../../../Engine/Content/VREditor/TransformGizmo/TransformGizmoMaterial.uasset" 203
"../../../Engine/Content/VREditor/TransformGizmo/TranslucentTransformGizmoMaterial.uasset" 204
"../../../Engine/Content/VREditor/TransformGizmo/BoundingBoxCorner.uasset" 205
"../../../Engine/Content/VREditor/TransformGizmo/BoundingBoxEdge.uasset" 206
"../../../Engine/Content/VREditor/TransformGizmo/PlaneTranslationHandle.uasset" 207
"../../../Engine/Content/VREditor/TransformGizmo/Main.uasset" 208
"../../../Engine/Content/VREditor/TransformGizmo/Xray.uasset" 209
"../../../Engine/Content/VREditor/TransformGizmo/SM_Sequencer_Key.uasset" 210
"../../../Engine/Content/VREditor/TransformGizmo/SM_Sequencer_Node.uasset" 211
"../../Plugins/2D/Paper2D/Content/PlaceholderTextures/DummySpriteTexture.uasset" 212
"../../Plugins/2D/Paper2D/Content/DummySprite.uasset" 213
"../../Plugins/2D/Paper2D/Content/DefaultPaperTerrainMaterial.uasset" 214
"../../Plugins/2D/Paper2D/Content/DefaultSpriteMaterial.uasset" 215
"../../Plugins/2D/Paper2D/Content/MaskedUnlitSpriteMaterial.uasset" 216
"../../Plugins/2D/Paper2D/Content/OpaqueUnlitSpriteMaterial.uasset" 217
"../../Plugins/FX/Niagara/Content/Enums/ENiagaraBooleanLogicOps.uasset" 218
"../../Plugins/FX/Niagara/Content/Enums/ENiagaraCoordinateSpace.uasset" 219
"../../Plugins/FX/Niagara/Content/Enums/ENiagaraExpansionMode.uasset" 220
"../../Plugins/FX/Niagara/Content/Enums/ENiagaraOrientationAxis.uasset" 221
"../../Plugins/FX/Niagara/Content/Enums/ENiagaraRandomnessMode.uasset" 222
"../../../Engine/Content/Functions/Engine_MaterialFunctions02/Utility/BreakOutFloat4Components.uasset" 223
"../../../Engine/Content/Functions/Engine_MaterialFunctions02/Utility/MakeFloat2.uasset" 224
"../../../Engine/Content/Functions/Engine_MaterialFunctions02/Utility/MakeFloat3.uasset" 225
"../../Plugins/Runtime/Oculus/OculusVR/Content/Materials/OculusMR_ChromaKey.uasset" 226
"../../Plugins/Runtime/Oculus/OculusVR/Content/Materials/OculusMR_ChromaKey_Lit.uasset" 227
"../../Plugins/Runtime/Oculus/OculusVR/Content/Materials/OculusMR_OpaqueColoredMaterial.uasset" 228
"../../Plugins/Runtime/Oculus/OculusVR/Content/Materials/OculusMR_WhiteMaterial.uasset" 229
"C:/Users/luisf/Documents/Unreal Projects/FPTest/Content/A_EzDraw/Blueprints/Components/BP_Trace.uasset" 230
"C:/Users/luisf/Documents/Unreal Projects/FPTest/Content/A_EzDraw/Materials/Components/M_MasterColor.uasset" 231
"C:/Users/luisf/Documents/Unreal Projects/FPTest/Content/A_EzDraw/Materials/MI_Gray.uasset" 232
"C:/Users/luisf/Documents/Unreal Projects/FPTest/Content/A_EzDraw/Materials/MI_Green.uasset" 233
"../../../Engine/Content/BasicShapes/Plane.uasset" 234
"C:/Users/luisf/Documents/Unreal Projects/FPTest/Content/A_EzDraw/Blueprints/BP_ClickButton.uasset" 235
"C:/Users/luisf/Documents/Unreal Projects/FPTest/Content/A_EzDraw/Materials/CustomDepthBasedMaterials/RT_DepthBuffer.uasset" 236
"C:/Users/luisf/Documents/Unreal Projects/FPTest/Content/A_EzDraw/Materials/CustomDepthBasedMaterials/M_DepthCheck.uasset" 237
"C:/Users/luisf/Documents/Unreal Projects/FPTest/Content/A_EzDraw/Materials/MaterialsFunctions/MF_UVMask.uasset" 238
"C:/Users/luisf/Documents/Unreal Projects/FPTest/Content/A_EzDraw/Materials/CustomDepthBasedMaterials/RT_DepthCapture.uasset" 239
"C:/Users/luisf/Documents/Unreal Projects/FPTest/Content/A_EzDraw/Materials/CustomDepthBasedMaterials/M_DepthCheckBuffer.uasset" 240
"C:/Users/luisf/Documents/Unreal Projects/FPTest/Content/A_EzDraw/Materials/CustomDepthBasedMaterials/MPC_Depth.uasset" 241
"C:/Users/luisf/Documents/Unreal Projects/FPTest/Content/A_EzDraw/Blueprints/BP_DepthLogics.uasset" 242
"../../../Engine/Content/BasicShapes/BasicShapeMaterial.uasset" 243
"../../../Engine/Content/BasicShapes/Cube.uasset" 244
"C:/Users/luisf/Documents/Unreal Projects/FPTest/Content/A_EzDraw/Blueprints/BP_FloatPicker.uasset" 245
"C:/Users/luisf/Documents/Unreal Projects/FPTest/Content/A_EzDraw/Materials/Components/M_ConstractionScriptColor.uasset" 246
"../../../Engine/Content/Functions/Engine_MaterialFunctions02/Utility/MakeFloat4.uasset" 247
"C:/Users/luisf/Documents/Unreal Projects/FPTest/Content/A_EzDraw/Materials/MaterialsFunctions/MF_ToRange.uasset" 248
"C:/Users/luisf/Documents/Unreal Projects/FPTest/Content/A_EzDraw/Materials/MaterialsFunctions/MF_VectorToRange.uasset" 249
"C:/Users/luisf/Documents/Unreal Projects/FPTest/Content/A_EzDraw/Materials/Components/RT_Custom2.uasset" 250
"C:/Users/luisf/Documents/Unreal Projects/FPTest/Content/A_EzDraw/Materials/Components/M_DynamicRT.uasset" 251
"C:/Users/luisf/Documents/Unreal Projects/FPTest/Content/A_EzDraw/Materials/Components/M_RenderTarget.uasset" 252
"C:/Users/luisf/Documents/Unreal Projects/FPTest/Content/A_EzDraw/Blueprints/Components/Enum_DrawType.uasset" 253
"C:/Users/luisf/Documents/Unreal Projects/FPTest/Content/A_EzDraw/Blueprints/Components/Enum_TraceType.uasset" 254
"C:/Users/luisf/Documents/Unreal Projects/FPTest/Content/A_EzDraw/Blueprints/BP_MainCanvas.uasset" 255
"C:/Users/luisf/Documents/Unreal Projects/FPTest/Content/A_EzDraw/Blueprints/BP_StreamTo.uasset" 256
"C:/Users/luisf/Documents/Unreal Projects/FPTest/Content/A_EzDraw/Blueprints/Components/BP_EditCanvas.uasset" 257
"../../../Engine/Content/BasicShapes/Sphere.uasset" 258
"C:/Users/luisf/Documents/Unreal Projects/FPTest/Content/A_EzDraw/Blueprints/Components/BP_FpsSteps.uasset" 259
"C:/Users/luisf/Documents/Unreal Projects/FPTest/Content/A_EzDraw/Blueprints/Components/BP_ShowAndAcceptColor.uasset" 260
"../../Plugins/Marketplace/UTubeVideoPlayer/Content/Content/uTubeMediaPlayer_Video.uasset" 261
"../../Plugins/Marketplace/UTubeVideoPlayer/Content/Content/uTubePlayer_Material.uasset" 262
"../../Plugins/Marketplace/UTubeVideoPlayer/Content/Content/UI/PlayerControlsWidget.uasset" 263
"../../Plugins/Marketplace/UTubeVideoPlayer/Content/Content/BP_uTube.uasset" 264
"C:/Users/luisf/Documents/Unreal Projects/FPTest/Content/A_EzDraw/Demo/Maps/Demonstration_BuiltData.uasset" 265
"C:/Users/luisf/Documents/Unreal Projects/FPTest/Content/A_EzDraw/Textures/T_BluePicker.uasset" 266
"C:/Users/luisf/Documents/Unreal Projects/FPTest/Content/A_EzDraw/Materials/Components/M_PickerBlue.uasset" 267
"C:/Users/luisf/Documents/Unreal Projects/FPTest/Content/A_EzDraw/Textures/T_Boldness.uasset" 268
"C:/Users/luisf/Documents/Unreal Projects/FPTest/Content/A_EzDraw/Materials/Components/M_PickerBoldness.uasset" 269
"C:/Users/luisf/Documents/Unreal Projects/FPTest/Content/A_EzDraw/Textures/T_GreenPicker.uasset" 270
"C:/Users/luisf/Documents/Unreal Projects/FPTest/Content/A_EzDraw/Materials/Components/M_PickerGreen.uasset" 271
"C:/Users/luisf/Documents/Unreal Projects/FPTest/Content/A_EzDraw/Textures/T_RedPicker.uasset" 272
"C:/Users/luisf/Documents/Unreal Projects/FPTest/Content/A_EzDraw/Materials/Components/M_PickerRed.uasset" 273
"C:/Users/luisf/Documents/Unreal Projects/FPTest/Content/A_EzDraw/Textures/T_Cat.uasset" 274
"C:/Users/luisf/Documents/Unreal Projects/FPTest/Content/A_EzDraw/Materials/M_BrushCat.uasset" 275
"C:/Users/luisf/Documents/Unreal Projects/FPTest/Content/A_EzDraw/Textures/T_Star.uasset" 276
"C:/Users/luisf/Documents/Unreal Projects/FPTest/Content/A_EzDraw/Materials/M_BrushStar.uasset" 277
"C:/Users/luisf/Documents/Unreal Projects/FPTest/Content/A_EzDraw/Materials/Masks/M_EmissiveBooster.uasset" 278
"C:/Users/luisf/Documents/Unreal Projects/FPTest/Content/Grace/T_Chair_M.uasset" 279
"C:/Users/luisf/Documents/Unreal Projects/FPTest/Content/Grace/T_Chair_N.uasset" 280
"C:/Users/luisf/Documents/Unreal Projects/FPTest/Content/Grace/M_Chair.uasset" 281
"C:/Users/luisf/Documents/Unreal Projects/FPTest/Content/A_EzDraw/Demo/Materials/MI_FirstPersonProjectileMaterial.uasset" 282
"C:/Users/luisf/Documents/Unreal Projects/FPTest/Content/A_EzDraw/Materials/Masks/M_Displacement.uasset" 283
"C:/Users/luisf/Documents/Unreal Projects/FPTest/Content/A_EzDraw/Materials/Masks/MI_Displacement.uasset" 284
"../../../Engine/Content/Functions/Engine_MaterialFunctions01/Math/SmoothCeil.uasset" 285
"../../../Engine/Content/Functions/MaterialLayerFunctions/MatLayerBlend_Standard.uasset" 286
"C:/Users/luisf/Documents/Unreal Projects/FPTest/Content/A_EzDraw/Textures/T_snow_AO.uasset" 287
"C:/Users/luisf/Documents/Unreal Projects/FPTest/Content/A_EzDraw/Textures/T_Snow_BC.uasset" 288
"C:/Users/luisf/Documents/Unreal Projects/FPTest/Content/A_EzDraw/Textures/T_Snow_MT.uasset" 289
"C:/Users/luisf/Documents/Unreal Projects/FPTest/Content/A_EzDraw/Textures/T_Snow_N.uasset" 290
"C:/Users/luisf/Documents/Unreal Projects/FPTest/Content/A_EzDraw/Textures/T_Snow_R.uasset" 291
"C:/Users/luisf/Documents/Unreal Projects/FPTest/Content/A_EzDraw/Materials/Masks/M_FrozenWindow.uasset" 292
"C:/Users/luisf/Documents/Unreal Projects/FPTest/Content/A_EzDraw/Materials/Masks/MI_FrozenWindow.uasset" 293
"C:/Users/luisf/Documents/Unreal Projects/FPTest/Content/A_EzDraw/Textures/T_Grass_AO.uasset" 294
"C:/Users/luisf/Documents/Unreal Projects/FPTest/Content/A_EzDraw/Textures/T_Grass_BC.uasset" 295
"C:/Users/luisf/Documents/Unreal Projects/FPTest/Content/A_EzDraw/Textures/T_Grass_MT.uasset" 296
"C:/Users/luisf/Documents/Unreal Projects/FPTest/Content/A_EzDraw/Textures/T_Grass_N.uasset" 297
"C:/Users/luisf/Documents/Unreal Projects/FPTest/Content/A_EzDraw/Textures/T_Grass_R.uasset" 298
"C:/Users/luisf/Documents/Unreal Projects/FPTest/Content/A_EzDraw/Materials/M_SnowyLandscape.uasset" 299
"C:/Users/luisf/Documents/Unreal Projects/FPTest/Content/A_EzDraw/Materials/MI_SnowyLandscape.uasset" 300
"../../../Engine/Content/BasicShapes/Cylinder.uasset" 301
"../../../Engine/Content/EngineMaterials/DefaultPhysicalMaterial.uasset" 302
"C:/Users/luisf/Documents/Unreal Projects/FPTest/Content/A_EzDraw/Demo/Meshes/SM_500x500x15.uasset" 303
"C:/Users/luisf/Documents/Unreal Projects/FPTest/Content/A_EzDraw/Demo/Meshes/SM_Cube.uasset" 304
"C:/Users/luisf/Documents/Unreal Projects/FPTest/Content/A_EzDraw/Demo/Meshes/SM_FirstPersonProjectileMesh.uasset" 305
"C:/Users/luisf/Documents/Unreal Projects/FPTest/Content/A_EzDraw/Materials/Components/PM_FakeWheels.uasset" 306
"C:/Users/luisf/Documents/Unreal Projects/FPTest/Content/A_EzDraw/Materials/Components/RT_Custom.uasset" 307
"C:/Users/luisf/Documents/Unreal Projects/FPTest/Content/A_EzDraw/Textures/T_brush.uasset" 308
"C:/Users/luisf/Documents/Unreal Projects/FPTest/Content/Grace/SM_Chair.uasset" 309
"C:/Users/luisf/Documents/Unreal Projects/FPTest/Content/A_EzDraw/Demo/Maps/Demonstration.umap" 310
"C:/Users/luisf/Documents/Unreal Projects/FPTest/Content/A_EzDraw/Materials/Components/M_WidgetRT.uasset" 311
"C:/Users/luisf/Documents/Unreal Projects/FPTest/Content/A_EzDraw/Blueprints/Widgets/UI_DrawCanvas.uasset" 312
"C:/Users/luisf/Documents/Unreal Projects/FPTest/Content/A_EzDraw/Blueprints/Widgets/UI_PaintElement.uasset" 313
"C:/Users/luisf/Documents/Unreal Projects/FPTest/Content/A_EzDraw/Demo/Blueprints/WidgetDemo.uasset" 314
"C:/Users/luisf/Documents/Unreal Projects/FPTest/Content/A_EzDraw/Demo/Blueprints/WidgetInit.uasset" 315
"C:/Users/luisf/Documents/Unreal Projects/FPTest/Content/A_EzDraw/Demo/Maps/WidgetTest.umap" 316
"C:/Users/luisf/Documents/Unreal Projects/FPTest/Content/FirstPerson/Animations/FirstPerson_Fire.uasset" 317
"C:/Users/luisf/Documents/Unreal Projects/FPTest/Content/FirstPerson/Animations/FirstPersonFire_Montage.uasset" 318
"C:/Users/luisf/Documents/Unreal Projects/FPTest/Content/FirstPersonBP/Blueprints/FirstPersonProjectile.uasset" 319
"C:/Users/luisf/Documents/Unreal Projects/FPTest/Content/Grace/Assets/Materials/M_UE4Man_ChestLogo.uasset" 320
"C:/Users/luisf/Documents/Unreal Projects/FPTest/Content/Grace/Assets/Mesh/UE4_Mannequin_Skeleton.uasset" 321
"C:/Users/luisf/Documents/Unreal Projects/FPTest/Content/Grace/Assets/Mesh/SK_Mannequin.uasset" 322
"C:/Users/luisf/Documents/Unreal Projects/FPTest/Content/FirstPersonBP/Blueprints/FirstPersonCharacter.uasset" 323
"../../../Engine/Content/EngineSky/C_Sky_Cloud_Color.uasset" 324
"../../../Engine/Content/EngineSky/C_Sky_Horizon_Color.uasset" 325
"../../../Engine/Content/EngineSky/C_Sky_Zenith_Color.uasset" 326
"../../../Engine/Content/EngineSky/T_Sky_Blue.uasset" 327
"../../../Engine/Content/EngineSky/T_Sky_Clouds_M.uasset" 328
"../../../Engine/Content/EngineSky/T_Sky_Stars.uasset" 329
"../../../Engine/Content/EngineSky/M_Sky_Panning_Clouds2.uasset" 330
"../../../Engine/Content/EngineSky/SM_SkySphere.uasset" 331
"../../../Engine/Content/EngineSky/BP_Sky_Sphere.uasset" 332
"C:/Users/luisf/Documents/Unreal Projects/FPTest/Content/FirstPerson/Textures/FirstPersonCrosshair.uasset" 333
"C:/Users/luisf/Documents/Unreal Projects/FPTest/Content/FirstPersonBP/Blueprints/FirstPersonHUD.uasset" 334
"C:/Users/luisf/Documents/Unreal Projects/FPTest/Content/FirstPersonBP/Blueprints/FirstPersonGameMode.uasset" 335
"C:/Users/luisf/Documents/Unreal Projects/FPTest/Content/FirstPersonBP/Maps/FirstPersonExampleMap_BuiltData.uasset" 336
"../../../Engine/Content/Functions/Engine_MaterialFunctions03/Procedurals/ComputeFilterWidth.uasset" 337
"../../../Engine/Content/EngineMaterials/AntiAliasedTextMaterialTranslucent.uasset" 338
"C:/Users/luisf/Documents/Unreal Projects/FPTest/Content/FirstPerson/Meshes/CubeMaterialOverride.uasset" 339
"C:/Users/luisf/Documents/Unreal Projects/FPTest/Content/Geometry/Meshes/1M_Cube.uasset" 340
"C:/Users/luisf/Documents/Unreal Projects/FPTest/Content/FirstPersonBP/Maps/FirstPersonExampleMap.umap" 341
"C:/Users/luisf/Documents/Unreal Projects/FPTest/Content/Grace/Widgets/BPW_MenuHost.uasset" 342
"C:/Users/luisf/Documents/Unreal Projects/FPTest/Content/Grace/Widgets/BPW_MenuServerButton.uasset" 343
"C:/Users/luisf/Documents/Unreal Projects/FPTest/Content/Grace/Widgets/BPW_MenuJoin.uasset" 344
"C:/Users/luisf/Documents/Unreal Projects/FPTest/Content/Grace/Widgets/BPW_MenuMain.uasset" 345
"C:/Users/luisf/Documents/Unreal Projects/FPTest/Content/Grace/BP_GameInstance.uasset" 346
"C:/Users/luisf/Documents/Unreal Projects/FPTest/Content/Grace/120_BuiltData.uasset" 347
"../../../Engine/Content/MapTemplates/SM_Template_Map_Floor.uasset" 348
"C:/Users/luisf/Documents/Unreal Projects/FPTest/Content/Grace/120.umap" 349
"../../../Engine/Content/Maps/Entry_BuiltData.uasset" 350
"../../../Engine/Content/Maps/Entry.umap" 351
